\BOOKMARK [1][-]{section*.1}{\376\377\000I\000n\000t\000r\000o\000d\000u\000c\000t\000i\000o\000n}{}% 1
\BOOKMARK [1][-]{section*.2}{\376\377\000T\000a\000b\000l\000e\000\040\000o\000f\000\040\000C\000o\000n\000t\000e\000n\000t\000s}{}% 2
\BOOKMARK [2][-]{section*.3}{\376\377\000B\000e\000f\000o\000r\000e\000\040\000p\000r\000o\000c\000e\000e\000d\000i\000n\000g\000,\000\040\000w\000e\000\040\000r\000e\000c\000o\000m\000m\000e\000n\000d\000\040\000s\000e\000t\000t\000i\000n\000g\000\040\000k\000n\000i\000t\000\040\000o\000p\000t\000i\000o\000n\000s\000\040\000a\000n\000d\000\040\000y\000o\000u\000r\000\040\000w\000o\000r\000k\000i\000n\000g\000\040\000d\000i\000r\000e\000c\000t\000o\000r\000y}{section*.2}% 3
\BOOKMARK [1][-]{section*.4}{\376\377\0001\000.\000\040\000D\000a\000t\000a\000\040\000P\000r\000e\000p\000a\000r\000a\000t\000i\000o\000n}{}% 4
\BOOKMARK [2][-]{section*.5}{\376\377\000L\000o\000a\000d\000\040\000r\000e\000q\000u\000i\000r\000e\000d\000\040\000p\000a\000c\000k\000a\000g\000e\000s\000\040\000a\000n\000d\000\040\000s\000e\000t\000\040\000s\000y\000s\000t\000e\000m}{section*.4}% 5
\BOOKMARK [3][-]{section*.6}{\376\377\000L\000o\000a\000d\000\040\000r\000a\000w\000\040\000d\000a\000t\000a}{section*.5}% 6
\BOOKMARK [3][-]{section*.7}{\376\377\000P\000r\000e\000p\000a\000r\000e\000\040\000p\000o\000x\000d\000a\000t\000a\000,\000\040\000a\000g\000g\000r\000e\000g\000a\000t\000i\000n\000g\000\040\000h\000o\000s\000t\000-\000v\000i\000r\000u\000s\000\040\000i\000n\000t\000e\000r\000a\000c\000t\000i\000o\000n\000s\000\040\000t\000o\000\040\000t\000h\000e\000\040\000g\000e\000n\000u\000s\000-\000l\000e\000v\000e\000l}{section*.5}% 7
\BOOKMARK [3][-]{section*.8}{\376\377\000M\000e\000r\000g\000e\000\040\000p\000o\000x\000d\000a\000t\000a\000\040\000w\000i\000t\000h\000\040\000b\000r\000o\000a\000d\000e\000r\000\040\000m\000a\000m\000m\000a\000l\000\040\000t\000a\000x\000a\000\040\000t\000o\000\040\000c\000r\000e\000a\000t\000e\000\040\000p\000s\000e\000u\000d\000o\000a\000b\000s\000e\000n\000c\000e\000s}{section*.5}% 8
\BOOKMARK [3][-]{section*.9}{\376\377\000A\000g\000g\000r\000e\000g\000a\000t\000e\000\040\000h\000o\000s\000t\000T\000r\000a\000i\000t\000s\000\040\000t\000o\000\040\000g\000e\000n\000u\000s\000-\000l\000e\000v\000e\000l}{section*.5}% 9
\BOOKMARK [3][-]{section*.10}{\376\377\000C\000o\000l\000l\000a\000p\000s\000e\000\040\000h\000o\000s\000t\000T\000r\000e\000e\000\040\000t\000o\000\040\000g\000e\000n\000u\000s\000-\000l\000e\000v\000e\000l}{section*.5}% 10
\BOOKMARK [3][-]{section*.11}{\376\377\000C\000h\000e\000c\000k\000\040\000f\000o\000r\000\040\000m\000i\000s\000m\000a\000t\000c\000h\000e\000d\000\040\000g\000e\000n\000e\000r\000a\000\040\000n\000a\000m\000e\000s\000\040\000i\000n\000\040\000p\000o\000x\000d\000a\000t\000a\000,\000\040\000h\000o\000s\000t\000T\000r\000a\000i\000t\000s\000\040\000a\000n\000d\000\040\000h\000o\000s\000t\000T\000r\000e\000e}{section*.5}% 11
\BOOKMARK [3][-]{section*.12}{\376\377\000M\000e\000r\000g\000e\000\040\000p\000o\000x\000d\000a\000t\000a\000\040\000w\000i\000t\000h\000\040\000h\000o\000s\000t\000T\000r\000a\000i\000t\000s\000\040\000a\000n\000d\000\040\000t\000r\000i\000m\000\040\000h\000o\000s\000t\000T\000r\000e\000e\000\040\000t\000o\000\040\000m\000i\000r\000r\000o\000r\000\040\000p\000o\000x\000d\000a\000t\000a}{section*.5}% 12
\BOOKMARK [3][-]{section*.13}{\376\377\000A\000d\000d\000\040\000P\000u\000b\000M\000e\000d\000\040\000c\000i\000t\000a\000t\000i\000o\000n\000s\000\040\000a\000n\000d\000\040\000e\000v\000o\000l\000u\000t\000i\000o\000n\000a\000r\000y\000\040\000d\000i\000s\000t\000i\000n\000c\000t\000i\000v\000e\000n\000e\000s\000s\000\040\000m\000e\000a\000s\000u\000r\000e}{section*.5}% 13
\BOOKMARK [3][-]{section*.14}{\376\377\000A\000g\000g\000r\000e\000g\000a\000t\000e\000\040\000t\000o\000\040\000g\000e\000n\000u\000s\000\040\000l\000e\000v\000e\000l}{section*.5}% 14
\BOOKMARK [3][-]{section*.15}{\376\377\000S\000a\000v\000e\000\040\000c\000l\000e\000a\000n\000e\000d\000\040\000d\000a\000t\000a}{section*.5}% 15
\BOOKMARK [1][-]{section*.16}{\376\377\0002\000.\000\040\000P\000h\000y\000l\000o\000g\000e\000n\000e\000t\000i\000c\000\040\000A\000n\000a\000l\000y\000s\000i\000s}{}% 16
\BOOKMARK [2][-]{section*.17}{\376\377\000L\000o\000a\000d\000\040\000r\000e\000q\000u\000i\000r\000e\000d\000\040\000p\000a\000c\000k\000a\000g\000e\000s\000\040\000a\000n\000d\000\040\000s\000e\000t\000\040\000s\000y\000s\000t\000e\000m}{section*.16}% 17
\BOOKMARK [3][-]{section*.18}{\376\377\000P\000h\000y\000l\000o\000g\000e\000n\000e\000t\000i\000c\000\040\000p\000a\000t\000t\000e\000r\000n\000s}{section*.17}% 18
\BOOKMARK [3][-]{section*.19}{\376\377\000P\000h\000y\000l\000o\000f\000a\000c\000t\000o\000r\000i\000z\000a\000t\000i\000o\000n}{section*.17}% 19
\BOOKMARK [3][-]{section*.20}{\376\377\000P\000l\000o\000t\000\040\000r\000e\000s\000u\000l\000t\000s\000\040\000o\000f\000\040\000p\000h\000y\000l\000o\000f\000a\000c\000t\000o\000r\000i\000z\000a\000t\000i\000o\000n}{section*.17}% 20
\BOOKMARK [3][-]{section*.21}{\376\377\000A\000d\000d\000i\000t\000i\000o\000n\000a\000l\000\040\000p\000h\000y\000l\000o\000f\000a\000c\000t\000o\000r\000i\000z\000a\000t\000i\000o\000n\000\040\000m\000o\000d\000e\000l\000s}{section*.17}% 21
\BOOKMARK [1][-]{section*.22}{\376\377\0003\000.\000\040\000B\000o\000o\000s\000t\000e\000d\000\040\000R\000e\000g\000r\000e\000s\000s\000i\000o\000n\000\040\000T\000r\000e\000e\000s}{}% 22
\BOOKMARK [2][-]{section*.23}{\376\377\000L\000o\000a\000d\000\040\000r\000e\000q\000u\000i\000r\000e\000d\000\040\000p\000a\000c\000k\000a\000g\000e\000s\000\040\000a\000n\000d\000\040\000s\000e\000t\000\040\000s\000y\000s\000t\000e\000m}{section*.22}% 23
\BOOKMARK [3][-]{section*.24}{\376\377\000C\000r\000e\000a\000t\000e\000\040\000t\000a\000x\000o\000n\000o\000m\000i\000c\000\040\000v\000a\000r\000i\000a\000b\000l\000e\000s\000\040\000a\000s\000\040\000p\000r\000e\000d\000i\000c\000t\000o\000r\000s\000\040\000f\000o\000r\000\040\000t\000h\000e\000\040\000m\000o\000d\000e\000l}{section*.23}% 24
\BOOKMARK [3][-]{section*.25}{\376\377\000A\000s\000s\000e\000s\000s\000\040\000v\000a\000r\000i\000a\000t\000i\000o\000n\000\040\000a\000n\000d\000\040\000a\000v\000a\000i\000l\000a\000b\000i\000l\000i\000t\000y\000\040\000o\000f\000\040\000d\000a\000t\000a}{section*.23}% 25
\BOOKMARK [3][-]{section*.26}{\376\377\000M\000o\000d\000e\000l\000\040\000t\000u\000n\000i\000n\000g\000\040\000t\000o\000\040\000a\000s\000s\000e\000s\000\040\000m\000o\000d\000e\000l\000\040\000p\000e\000r\000f\000o\000r\000m\000a\000n\000c\000e\000\040\000f\000o\000r\000\040\000e\000a\000c\000h\000\040\000c\000o\000m\000b\000i\000n\000a\000t\000i\000o\000n\000\040\000o\000f\000\040\000t\000u\000n\000i\000n\000g\000\040\000p\000a\000r\000a\000m\000e\000t\000e\000r\000s}{section*.23}% 26
\BOOKMARK [3][-]{section*.27}{\376\377\000M\000o\000d\000e\000l\000\040\000t\000u\000n\000i\000n\000g\000\040\000r\000e\000s\000u\000l\000t\000s\000:\000\040\000F\000i\000g\000u\000r\000e\000\040\000S\0002}{section*.23}% 27
\BOOKMARK [3][-]{section*.28}{\376\377\000B\000R\000T\000\040\000f\000u\000n\000c\000t\000i\000o\000n\000\040\000f\000o\000r\000\040\000a\000p\000p\000l\000y\000i\000n\000g\000\040\000a\000c\000r\000o\000s\000s\000\040\000m\000u\000l\000t\000i\000p\000l\000e\000\040\000d\000a\000t\000a\000\040\000p\000a\000r\000t\000i\000t\000i\000o\000n\000s}{section*.23}% 28
\BOOKMARK [3][-]{section*.29}{\376\377\000A\000p\000p\000l\000y\000\040\000B\000R\000T\000\040\000f\000u\000n\000c\000t\000i\000o\000n\000\040\000a\000c\000r\000o\000s\000s\000\040\0001\0000\0000\000\040\000p\000a\000r\000t\000i\000t\000i\000o\000n\000s\000\040\000t\000o\000\040\000g\000e\000n\000e\000r\000a\000t\000e\000\040\000e\000n\000s\000e\000m\000b\000l\000e}{section*.23}% 29
\BOOKMARK [1][-]{section*.30}{\376\377\0004\000.\000\040\000B\000R\000T\000\040\000F\000i\000g\000u\000r\000e\000s}{}% 30
\BOOKMARK [2][-]{section*.31}{\376\377\000L\000o\000a\000d\000\040\000r\000e\000q\000u\000i\000r\000e\000d\000\040\000p\000a\000c\000k\000a\000g\000e\000s\000\040\000a\000n\000d\000\040\000s\000e\000t\000\040\000s\000y\000s\000t\000e\000m}{section*.30}% 31
\BOOKMARK [3][-]{section*.32}{\376\377\000E\000v\000a\000l\000u\000a\000t\000e\000\040\000p\000e\000r\000f\000o\000r\000m\000a\000n\000c\000e\000\040\000m\000e\000a\000s\000u\000r\000e\000s\000:}{section*.31}% 32
\BOOKMARK [3][-]{section*.33}{\376\377\000C\000o\000m\000p\000a\000r\000e\000\040\000p\000e\000r\000f\000o\000r\000m\000a\000n\000c\000e\000\040\000b\000e\000t\000w\000e\000e\000n\000\040\000B\000R\000T\000s\000\040\000t\000r\000a\000i\000n\000e\000d\000\040\000o\000n\000\040\000i\000n\000f\000e\000c\000t\000i\000o\000n\000\040\000v\000s\000.\000\040\000c\000o\000m\000p\000e\000t\000e\000n\000c\000e\000:}{section*.31}% 33
\BOOKMARK [3][-]{section*.34}{\376\377\000I\000d\000e\000n\000t\000i\000f\000y\000\040\000r\000e\000l\000a\000t\000i\000v\000e\000\040\000f\000e\000a\000t\000u\000r\000e\000\040\000i\000m\000p\000o\000r\000t\000a\000n\000c\000e}{section*.31}% 34
\BOOKMARK [3][-]{section*.35}{\376\377\000R\000a\000n\000k\000\040\000f\000e\000a\000t\000u\000r\000e\000s\000\040\000b\000y\000\040\000r\000e\000l\000a\000t\000i\000v\000e\000\040\000i\000m\000p\000o\000r\000t\000a\000n\000c\000e\000:\000\040\000T\000a\000b\000l\000e\000\040\000S\0005}{section*.31}% 35
\BOOKMARK [3][-]{section*.36}{\376\377\000I\000d\000e\000n\000t\000i\000f\000y\000\040\000c\000o\000n\000s\000i\000s\000t\000e\000n\000t\000l\000y\000\040\000i\000m\000p\000o\000r\000t\000a\000n\000t\000/\000u\000n\000i\000m\000p\000o\000r\000t\000a\000n\000t\000\040\000h\000o\000s\000t\000\040\000t\000r\000a\000i\000t\000s\000:\000\040\000F\000i\000g\000u\000r\000e\000\040\0002\000B}{section*.31}% 36
\BOOKMARK [3][-]{section*.37}{\376\377\000D\000e\000t\000e\000r\000m\000i\000n\000e\000\040\000e\000f\000f\000e\000c\000t\000\040\000d\000i\000r\000e\000c\000t\000i\000o\000n\000s\000\040\000o\000f\000\040\000e\000a\000c\000h\000\040\000f\000e\000a\000t\000u\000r\000e\000\040\000o\000n\000\040\000t\000h\000e\000\040\000p\000r\000e\000d\000i\000c\000t\000e\000d\000\040\000o\000u\000t\000c\000o\000m\000e\000\040\000-\000\040\000F\000i\000g\000u\000r\000e\000\040\000S\0004}{section*.31}% 37
\BOOKMARK [3][-]{section*.38}{\376\377\000M\000o\000d\000e\000l\000\040\000p\000r\000e\000d\000i\000c\000t\000i\000o\000n\000s\000:\000\040\000E\000x\000t\000r\000a\000c\000t\000\040\000a\000n\000d\000\040\000s\000a\000v\000e\000\040\000p\000r\000e\000d\000i\000c\000t\000e\000d\000\040\000p\000r\000o\000b\000a\000b\000i\000l\000i\000t\000i\000e\000s}{section*.31}% 38
\BOOKMARK [3][-]{section*.39}{\376\377\000M\000o\000d\000e\000l\000\040\000p\000r\000e\000d\000i\000c\000t\000i\000o\000n\000s\000:\000\040\000F\000i\000g\000u\000r\000e\000s\000\040\000o\000f\000\040\000p\000r\000e\000d\000i\000c\000t\000e\000d\000\040\000p\000r\000o\000b\000a\000b\000i\000l\000i\000t\000i\000e\000s\000\040\000d\000i\000s\000t\000r\000i\000b\000u\000t\000i\000o\000n\000\040\000-\000\040\000F\000i\000g\000u\000r\000e\000\040\0003}{section*.31}% 39
\BOOKMARK [3][-]{section*.40}{\376\377\000T\000h\000r\000e\000s\000h\000o\000l\000d\000\040\000t\000h\000e\000\040\000r\000e\000s\000u\000l\000t\000s}{section*.31}% 40
\BOOKMARK [3][-]{section*.41}{\376\377\000M\000o\000d\000e\000l\000\040\000p\000r\000e\000d\000i\000c\000t\000i\000o\000n\000s\000:\000\040\000E\000x\000p\000l\000o\000r\000e\000\040\000m\000o\000d\000e\000l\000\040\000c\000o\000r\000r\000e\000l\000a\000t\000i\000o\000n\000\040\000a\000n\000d\000\040\000p\000h\000y\000l\000o\000g\000e\000n\000e\000t\000i\000c\000\040\000s\000i\000g\000n\000a\000l}{section*.31}% 41
\BOOKMARK [3][-]{section*.42}{\376\377\000M\000o\000d\000e\000l\000\040\000p\000r\000e\000d\000i\000c\000t\000i\000o\000n\000s\000:\000\040\000I\000d\000e\000n\000t\000i\000f\000y\000\040\000t\000a\000x\000o\000n\000o\000m\000i\000c\000\040\000p\000a\000t\000t\000e\000r\000n\000s}{section*.31}% 42
\BOOKMARK [3][-]{section*.43}{\376\377\000M\000o\000d\000e\000l\000\040\000p\000r\000e\000d\000i\000c\000t\000i\000o\000n\000s\000:\000\040\000R\000e\000-\000p\000l\000o\000t\000\040\000p\000r\000e\000d\000i\000c\000t\000e\000d\000\040\000p\000r\000o\000b\000a\000b\000i\000l\000i\000t\000i\000e\000s\000\040\000w\000i\000t\000h\000\040\000p\000h\000y\000l\000o\000g\000e\000n\000e\000t\000i\000c\000\040\000t\000r\000e\000e\000\040\000-\000\040\000F\000i\000g\000u\000r\000e\000\040\0003\000\050\000C\000\051}{section*.31}% 43
\BOOKMARK [3][-]{section*.44}{\376\377\000M\000o\000d\000e\000l\000\040\000p\000r\000e\000d\000i\000c\000t\000i\000o\000n\000s\000\040\000V\0002\000:\000\040\000R\000e\000-\000p\000l\000o\000t\000\040\000p\000r\000e\000d\000i\000c\000t\000e\000d\000\040\000p\000r\000o\000b\000a\000b\000i\000l\000i\000t\000i\000e\000s\000\040\000w\000i\000t\000h\000\040\000p\000h\000y\000l\000o\000g\000e\000n\000e\000t\000i\000c\000\040\000t\000r\000e\000e\000\040\000f\000o\000r\000\040\000M\000A\000N\000U\000S\000C\000R\000I\000P\000T}{section*.31}% 44
\BOOKMARK [3][-]{section*.45}{\376\377\000M\000o\000d\000e\000l\000\040\000p\000r\000e\000d\000i\000c\000t\000i\000o\000n\000s\000\040\000V\0003\000:\000\040\000R\000e\000-\000p\000l\000o\000t\000\040\000p\000r\000e\000d\000i\000c\000t\000e\000d\000\040\000p\000r\000o\000b\000a\000b\000i\000l\000i\000t\000i\000e\000s\000\040\000w\000i\000t\000h\000\040\000p\000h\000y\000l\000o\000g\000e\000n\000e\000t\000i\000c\000\040\000t\000r\000e\000e\000\040\000f\000o\000r\000\040\000M\000A\000N\000U\000S\000C\000R\000I\000P\000T}{section*.31}% 45
\BOOKMARK [1][-]{section*.46}{\376\377\0005\000.\000\040\000M\000a\000p\000p\000i\000n\000g\000\040\000H\000o\000s\000t\000\040\000D\000i\000s\000t\000r\000i\000b\000u\000t\000i\000o\000n\000s}{}% 46
\BOOKMARK [2][-]{section*.47}{\376\377\000L\000o\000a\000d\000\040\000r\000e\000q\000u\000i\000r\000e\000d\000\040\000p\000a\000c\000k\000a\000g\000e\000s\000\040\000a\000n\000d\000\040\000s\000e\000t\000\040\000s\000y\000s\000t\000e\000m}{section*.46}% 47
\BOOKMARK [3][-]{section*.48}{\376\377\000L\000e\000t\000'\000s\000\040\000m\000a\000k\000e\000\040\000s\000o\000m\000e\000\040\000m\000a\000p\000s\000!\000\040\000-\000\040\000F\000i\000g\000u\000r\000e\000\040\0004}{section*.47}% 48
